<?xml version="1.0" encoding="UTF-8"?>
<robot generator="Robot 5.0 (Python 3.10.2 on win32)" generated="20220531 15:51:43.856" rpa="false" schemaversion="3">
<suite id="s1" name="Invalid Login" source="C:\Users\abdel\PycharmProjects\RobotFramework\Automation\TestSuits\Login\invalid_login.robot">
<test id="s1-t1" name="Invalid_username" line="5">
<kw name="Login should fail" library="resource">
<arg>invalid</arg>
<arg>Venom007</arg>
<kw name="Open login page" library="resource">
<kw name="Open Browser" library="SeleniumLibrary">
<arg>${URL}</arg>
<arg>${BROWSER}</arg>
<doc>Opens a new browser instance to the optional ``url``.</doc>
<msg timestamp="20220531 15:51:44.033" level="INFO">Opening browser 'Chrome' to base url 'https://en.mzadqatar.com/login'.</msg>
<status status="PASS" starttime="20220531 15:51:44.033" endtime="20220531 15:51:50.650"/>
</kw>
<kw name="Maximize Browser Window" library="SeleniumLibrary">
<doc>Maximizes current browser window.</doc>
<status status="PASS" starttime="20220531 15:51:50.650" endtime="20220531 15:51:50.779"/>
</kw>
<kw name="Set Selenium Speed" library="SeleniumLibrary">
<arg>${DELAY}</arg>
<doc>Sets the delay that is waited after each Selenium command.</doc>
<status status="PASS" starttime="20220531 15:51:50.779" endtime="20220531 15:51:50.779"/>
</kw>
<status status="PASS" starttime="20220531 15:51:44.032" endtime="20220531 15:51:50.779"/>
</kw>
<kw name="Give Username" library="resource">
<arg>${user}</arg>
<kw name="Input Text" library="SeleniumLibrary">
<arg>id=user_login</arg>
<arg>${username}</arg>
<doc>Types the given ``text`` into the text field identified by ``locator``.</doc>
<msg timestamp="20220531 15:51:50.781" level="INFO">Typing text 'invalid' into text field 'id=user_login'.</msg>
<status status="PASS" starttime="20220531 15:51:50.780" endtime="20220531 15:51:50.888"/>
</kw>
<status status="PASS" starttime="20220531 15:51:50.780" endtime="20220531 15:51:50.888"/>
</kw>
<kw name="Give Password" library="resource">
<arg>${pass}</arg>
<kw name="Input Text" library="SeleniumLibrary">
<arg>id=user_password</arg>
<arg>${password}</arg>
<doc>Types the given ``text`` into the text field identified by ``locator``.</doc>
<msg timestamp="20220531 15:51:50.889" level="INFO">Typing text 'Venom007' into text field 'id=user_password'.</msg>
<status status="PASS" starttime="20220531 15:51:50.889" endtime="20220531 15:51:50.980"/>
</kw>
<status status="PASS" starttime="20220531 15:51:50.888" endtime="20220531 15:51:50.980"/>
</kw>
<kw name="Click the Login button" library="resource">
<kw name="Click Button" library="SeleniumLibrary">
<arg>id=login_button</arg>
<doc>Clicks the button identified by ``locator``.</doc>
<msg timestamp="20220531 15:51:50.981" level="INFO">Clicking button 'id=login_button'.</msg>
<status status="PASS" starttime="20220531 15:51:50.980" endtime="20220531 15:51:51.051"/>
</kw>
<status status="PASS" starttime="20220531 15:51:50.980" endtime="20220531 15:51:51.051"/>
</kw>
<kw name="Title Should Be" library="SeleniumLibrary">
<arg>MzadQatar Login</arg>
<doc>Verifies that the current page title equals ``title``.</doc>
<msg timestamp="20220531 15:51:51.060" level="INFO">Page title is 'MzadQatar Login'.</msg>
<status status="PASS" starttime="20220531 15:51:51.052" endtime="20220531 15:51:51.060"/>
</kw>
<kw name="Close Browser" library="SeleniumLibrary" type="TEARDOWN">
<doc>Closes the current browser.</doc>
<status status="PASS" starttime="20220531 15:51:51.060" endtime="20220531 15:51:53.203"/>
</kw>
<status status="PASS" starttime="20220531 15:51:44.032" endtime="20220531 15:51:53.203"/>
</kw>
<status status="PASS" starttime="20220531 15:51:44.031" endtime="20220531 15:51:53.204"/>
</test>
<test id="s1-t2" name="Invalid_password" line="7">
<kw name="Login should fail" library="resource">
<arg>98013711</arg>
<arg>invali</arg>
<kw name="Open login page" library="resource">
<kw name="Open Browser" library="SeleniumLibrary">
<arg>${URL}</arg>
<arg>${BROWSER}</arg>
<doc>Opens a new browser instance to the optional ``url``.</doc>
<msg timestamp="20220531 15:51:53.208" level="INFO">Opening browser 'Chrome' to base url 'https://en.mzadqatar.com/login'.</msg>
<status status="PASS" starttime="20220531 15:51:53.208" endtime="20220531 15:51:58.492"/>
</kw>
<kw name="Maximize Browser Window" library="SeleniumLibrary">
<doc>Maximizes current browser window.</doc>
<status status="PASS" starttime="20220531 15:51:58.492" endtime="20220531 15:51:58.616"/>
</kw>
<kw name="Set Selenium Speed" library="SeleniumLibrary">
<arg>${DELAY}</arg>
<doc>Sets the delay that is waited after each Selenium command.</doc>
<status status="PASS" starttime="20220531 15:51:58.616" endtime="20220531 15:51:58.617"/>
</kw>
<status status="PASS" starttime="20220531 15:51:53.207" endtime="20220531 15:51:58.617"/>
</kw>
<kw name="Give Username" library="resource">
<arg>${user}</arg>
<kw name="Input Text" library="SeleniumLibrary">
<arg>id=user_login</arg>
<arg>${username}</arg>
<doc>Types the given ``text`` into the text field identified by ``locator``.</doc>
<msg timestamp="20220531 15:51:58.618" level="INFO">Typing text '98013711' into text field 'id=user_login'.</msg>
<status status="PASS" starttime="20220531 15:51:58.617" endtime="20220531 15:51:58.730"/>
</kw>
<status status="PASS" starttime="20220531 15:51:58.617" endtime="20220531 15:51:58.731"/>
</kw>
<kw name="Give Password" library="resource">
<arg>${pass}</arg>
<kw name="Input Text" library="SeleniumLibrary">
<arg>id=user_password</arg>
<arg>${password}</arg>
<doc>Types the given ``text`` into the text field identified by ``locator``.</doc>
<msg timestamp="20220531 15:51:58.731" level="INFO">Typing text 'invali' into text field 'id=user_password'.</msg>
<status status="PASS" starttime="20220531 15:51:58.731" endtime="20220531 15:51:58.821"/>
</kw>
<status status="PASS" starttime="20220531 15:51:58.731" endtime="20220531 15:51:58.821"/>
</kw>
<kw name="Click the Login button" library="resource">
<kw name="Click Button" library="SeleniumLibrary">
<arg>id=login_button</arg>
<doc>Clicks the button identified by ``locator``.</doc>
<msg timestamp="20220531 15:51:58.821" level="INFO">Clicking button 'id=login_button'.</msg>
<status status="PASS" starttime="20220531 15:51:58.821" endtime="20220531 15:51:58.895"/>
</kw>
<status status="PASS" starttime="20220531 15:51:58.821" endtime="20220531 15:51:58.896"/>
</kw>
<kw name="Title Should Be" library="SeleniumLibrary">
<arg>MzadQatar Login</arg>
<doc>Verifies that the current page title equals ``title``.</doc>
<msg timestamp="20220531 15:51:58.904" level="INFO">Page title is 'MzadQatar Login'.</msg>
<status status="PASS" starttime="20220531 15:51:58.896" endtime="20220531 15:51:58.904"/>
</kw>
<kw name="Close Browser" library="SeleniumLibrary" type="TEARDOWN">
<doc>Closes the current browser.</doc>
<status status="PASS" starttime="20220531 15:51:58.904" endtime="20220531 15:52:01.021"/>
</kw>
<status status="PASS" starttime="20220531 15:51:53.207" endtime="20220531 15:52:01.021"/>
</kw>
<status status="PASS" starttime="20220531 15:51:53.206" endtime="20220531 15:52:01.021"/>
</test>
<test id="s1-t3" name="Both invalid" line="9">
<kw name="Login should fail" library="resource">
<arg>Invalid</arg>
<arg>invalid</arg>
<kw name="Open login page" library="resource">
<kw name="Open Browser" library="SeleniumLibrary">
<arg>${URL}</arg>
<arg>${BROWSER}</arg>
<doc>Opens a new browser instance to the optional ``url``.</doc>
<msg timestamp="20220531 15:52:01.024" level="INFO">Opening browser 'Chrome' to base url 'https://en.mzadqatar.com/login'.</msg>
<status status="PASS" starttime="20220531 15:52:01.024" endtime="20220531 15:52:09.841"/>
</kw>
<kw name="Maximize Browser Window" library="SeleniumLibrary">
<doc>Maximizes current browser window.</doc>
<status status="PASS" starttime="20220531 15:52:09.842" endtime="20220531 15:52:09.980"/>
</kw>
<kw name="Set Selenium Speed" library="SeleniumLibrary">
<arg>${DELAY}</arg>
<doc>Sets the delay that is waited after each Selenium command.</doc>
<status status="PASS" starttime="20220531 15:52:09.980" endtime="20220531 15:52:09.981"/>
</kw>
<status status="PASS" starttime="20220531 15:52:01.024" endtime="20220531 15:52:09.981"/>
</kw>
<kw name="Give Username" library="resource">
<arg>${user}</arg>
<kw name="Input Text" library="SeleniumLibrary">
<arg>id=user_login</arg>
<arg>${username}</arg>
<doc>Types the given ``text`` into the text field identified by ``locator``.</doc>
<msg timestamp="20220531 15:52:09.982" level="INFO">Typing text 'Invalid' into text field 'id=user_login'.</msg>
<status status="PASS" starttime="20220531 15:52:09.982" endtime="20220531 15:52:10.100"/>
</kw>
<status status="PASS" starttime="20220531 15:52:09.981" endtime="20220531 15:52:10.100"/>
</kw>
<kw name="Give Password" library="resource">
<arg>${pass}</arg>
<kw name="Input Text" library="SeleniumLibrary">
<arg>id=user_password</arg>
<arg>${password}</arg>
<doc>Types the given ``text`` into the text field identified by ``locator``.</doc>
<msg timestamp="20220531 15:52:10.101" level="INFO">Typing text 'invalid' into text field 'id=user_password'.</msg>
<status status="PASS" starttime="20220531 15:52:10.101" endtime="20220531 15:52:10.185"/>
</kw>
<status status="PASS" starttime="20220531 15:52:10.100" endtime="20220531 15:52:10.185"/>
</kw>
<kw name="Click the Login button" library="resource">
<kw name="Click Button" library="SeleniumLibrary">
<arg>id=login_button</arg>
<doc>Clicks the button identified by ``locator``.</doc>
<msg timestamp="20220531 15:52:10.186" level="INFO">Clicking button 'id=login_button'.</msg>
<status status="PASS" starttime="20220531 15:52:10.186" endtime="20220531 15:52:10.258"/>
</kw>
<status status="PASS" starttime="20220531 15:52:10.185" endtime="20220531 15:52:10.258"/>
</kw>
<kw name="Title Should Be" library="SeleniumLibrary">
<arg>MzadQatar Login</arg>
<doc>Verifies that the current page title equals ``title``.</doc>
<msg timestamp="20220531 15:52:10.262" level="INFO">Page title is 'MzadQatar Login'.</msg>
<status status="PASS" starttime="20220531 15:52:10.259" endtime="20220531 15:52:10.262"/>
</kw>
<kw name="Close Browser" library="SeleniumLibrary" type="TEARDOWN">
<doc>Closes the current browser.</doc>
<status status="PASS" starttime="20220531 15:52:10.262" endtime="20220531 15:52:12.382"/>
</kw>
<status status="PASS" starttime="20220531 15:52:01.023" endtime="20220531 15:52:12.382"/>
</kw>
<status status="PASS" starttime="20220531 15:52:01.023" endtime="20220531 15:52:12.383"/>
</test>
<test id="s1-t4" name="Empty username" line="11">
<kw name="Login should fail" library="resource">
<arg>${EMPTY}</arg>
<arg>Venom007</arg>
<kw name="Open login page" library="resource">
<kw name="Open Browser" library="SeleniumLibrary">
<arg>${URL}</arg>
<arg>${BROWSER}</arg>
<doc>Opens a new browser instance to the optional ``url``.</doc>
<msg timestamp="20220531 15:52:12.389" level="INFO">Opening browser 'Chrome' to base url 'https://en.mzadqatar.com/login'.</msg>
<status status="PASS" starttime="20220531 15:52:12.389" endtime="20220531 15:52:24.204"/>
</kw>
<kw name="Maximize Browser Window" library="SeleniumLibrary">
<doc>Maximizes current browser window.</doc>
<status status="PASS" starttime="20220531 15:52:24.205" endtime="20220531 15:52:24.328"/>
</kw>
<kw name="Set Selenium Speed" library="SeleniumLibrary">
<arg>${DELAY}</arg>
<doc>Sets the delay that is waited after each Selenium command.</doc>
<status status="PASS" starttime="20220531 15:52:24.328" endtime="20220531 15:52:24.328"/>
</kw>
<status status="PASS" starttime="20220531 15:52:12.388" endtime="20220531 15:52:24.328"/>
</kw>
<kw name="Give Username" library="resource">
<arg>${user}</arg>
<kw name="Input Text" library="SeleniumLibrary">
<arg>id=user_login</arg>
<arg>${username}</arg>
<doc>Types the given ``text`` into the text field identified by ``locator``.</doc>
<msg timestamp="20220531 15:52:24.329" level="INFO">Typing text '' into text field 'id=user_login'.</msg>
<status status="PASS" starttime="20220531 15:52:24.329" endtime="20220531 15:52:24.403"/>
</kw>
<status status="PASS" starttime="20220531 15:52:24.328" endtime="20220531 15:52:24.403"/>
</kw>
<kw name="Give Password" library="resource">
<arg>${pass}</arg>
<kw name="Input Text" library="SeleniumLibrary">
<arg>id=user_password</arg>
<arg>${password}</arg>
<doc>Types the given ``text`` into the text field identified by ``locator``.</doc>
<msg timestamp="20220531 15:52:24.405" level="INFO">Typing text 'Venom007' into text field 'id=user_password'.</msg>
<status status="PASS" starttime="20220531 15:52:24.404" endtime="20220531 15:52:24.508"/>
</kw>
<status status="PASS" starttime="20220531 15:52:24.404" endtime="20220531 15:52:24.509"/>
</kw>
<kw name="Click the Login button" library="resource">
<kw name="Click Button" library="SeleniumLibrary">
<arg>id=login_button</arg>
<doc>Clicks the button identified by ``locator``.</doc>
<msg timestamp="20220531 15:52:24.509" level="INFO">Clicking button 'id=login_button'.</msg>
<status status="PASS" starttime="20220531 15:52:24.509" endtime="20220531 15:52:24.581"/>
</kw>
<status status="PASS" starttime="20220531 15:52:24.509" endtime="20220531 15:52:24.581"/>
</kw>
<kw name="Title Should Be" library="SeleniumLibrary">
<arg>MzadQatar Login</arg>
<doc>Verifies that the current page title equals ``title``.</doc>
<msg timestamp="20220531 15:52:24.588" level="INFO">Page title is 'MzadQatar Login'.</msg>
<status status="PASS" starttime="20220531 15:52:24.581" endtime="20220531 15:52:24.588"/>
</kw>
<kw name="Close Browser" library="SeleniumLibrary" type="TEARDOWN">
<doc>Closes the current browser.</doc>
<status status="PASS" starttime="20220531 15:52:24.588" endtime="20220531 15:52:26.721"/>
</kw>
<status status="PASS" starttime="20220531 15:52:12.387" endtime="20220531 15:52:26.721"/>
</kw>
<status status="PASS" starttime="20220531 15:52:12.386" endtime="20220531 15:52:26.723"/>
</test>
<test id="s1-t5" name="Empty password" line="14">
<kw name="Login should fail" library="resource">
<arg>98013711</arg>
<arg>${EMPTY}</arg>
<kw name="Open login page" library="resource">
<kw name="Open Browser" library="SeleniumLibrary">
<arg>${URL}</arg>
<arg>${BROWSER}</arg>
<doc>Opens a new browser instance to the optional ``url``.</doc>
<msg timestamp="20220531 15:52:26.735" level="INFO">Opening browser 'Chrome' to base url 'https://en.mzadqatar.com/login'.</msg>
<status status="PASS" starttime="20220531 15:52:26.734" endtime="20220531 15:52:34.828"/>
</kw>
<kw name="Maximize Browser Window" library="SeleniumLibrary">
<doc>Maximizes current browser window.</doc>
<status status="PASS" starttime="20220531 15:52:34.828" endtime="20220531 15:52:34.950"/>
</kw>
<kw name="Set Selenium Speed" library="SeleniumLibrary">
<arg>${DELAY}</arg>
<doc>Sets the delay that is waited after each Selenium command.</doc>
<status status="PASS" starttime="20220531 15:52:34.951" endtime="20220531 15:52:34.951"/>
</kw>
<status status="PASS" starttime="20220531 15:52:26.733" endtime="20220531 15:52:34.951"/>
</kw>
<kw name="Give Username" library="resource">
<arg>${user}</arg>
<kw name="Input Text" library="SeleniumLibrary">
<arg>id=user_login</arg>
<arg>${username}</arg>
<doc>Types the given ``text`` into the text field identified by ``locator``.</doc>
<msg timestamp="20220531 15:52:34.952" level="INFO">Typing text '98013711' into text field 'id=user_login'.</msg>
<status status="PASS" starttime="20220531 15:52:34.952" endtime="20220531 15:52:35.065"/>
</kw>
<status status="PASS" starttime="20220531 15:52:34.951" endtime="20220531 15:52:35.066"/>
</kw>
<kw name="Give Password" library="resource">
<arg>${pass}</arg>
<kw name="Input Text" library="SeleniumLibrary">
<arg>id=user_password</arg>
<arg>${password}</arg>
<doc>Types the given ``text`` into the text field identified by ``locator``.</doc>
<msg timestamp="20220531 15:52:35.066" level="INFO">Typing text '' into text field 'id=user_password'.</msg>
<status status="PASS" starttime="20220531 15:52:35.066" endtime="20220531 15:52:35.136"/>
</kw>
<status status="PASS" starttime="20220531 15:52:35.066" endtime="20220531 15:52:35.136"/>
</kw>
<kw name="Click the Login button" library="resource">
<kw name="Click Button" library="SeleniumLibrary">
<arg>id=login_button</arg>
<doc>Clicks the button identified by ``locator``.</doc>
<msg timestamp="20220531 15:52:35.137" level="INFO">Clicking button 'id=login_button'.</msg>
<status status="PASS" starttime="20220531 15:52:35.137" endtime="20220531 15:52:35.206"/>
</kw>
<status status="PASS" starttime="20220531 15:52:35.136" endtime="20220531 15:52:35.207"/>
</kw>
<kw name="Title Should Be" library="SeleniumLibrary">
<arg>MzadQatar Login</arg>
<doc>Verifies that the current page title equals ``title``.</doc>
<msg timestamp="20220531 15:52:35.213" level="INFO">Page title is 'MzadQatar Login'.</msg>
<status status="PASS" starttime="20220531 15:52:35.207" endtime="20220531 15:52:35.213"/>
</kw>
<kw name="Close Browser" library="SeleniumLibrary" type="TEARDOWN">
<doc>Closes the current browser.</doc>
<status status="PASS" starttime="20220531 15:52:35.213" endtime="20220531 15:52:37.344"/>
</kw>
<status status="PASS" starttime="20220531 15:52:26.730" endtime="20220531 15:52:37.344"/>
</kw>
<status status="PASS" starttime="20220531 15:52:26.728" endtime="20220531 15:52:37.345"/>
</test>
<test id="s1-t6" name="Empty both" line="16">
<kw name="Login should fail" library="resource">
<arg>${EMPTY}</arg>
<arg>${EMPTY}</arg>
<kw name="Open login page" library="resource">
<kw name="Open Browser" library="SeleniumLibrary">
<arg>${URL}</arg>
<arg>${BROWSER}</arg>
<doc>Opens a new browser instance to the optional ``url``.</doc>
<msg timestamp="20220531 15:52:37.354" level="INFO">Opening browser 'Chrome' to base url 'https://en.mzadqatar.com/login'.</msg>
<status status="PASS" starttime="20220531 15:52:37.354" endtime="20220531 15:52:44.551"/>
</kw>
<kw name="Maximize Browser Window" library="SeleniumLibrary">
<doc>Maximizes current browser window.</doc>
<status status="PASS" starttime="20220531 15:52:44.551" endtime="20220531 15:52:44.673"/>
</kw>
<kw name="Set Selenium Speed" library="SeleniumLibrary">
<arg>${DELAY}</arg>
<doc>Sets the delay that is waited after each Selenium command.</doc>
<status status="PASS" starttime="20220531 15:52:44.673" endtime="20220531 15:52:44.673"/>
</kw>
<status status="PASS" starttime="20220531 15:52:37.353" endtime="20220531 15:52:44.673"/>
</kw>
<kw name="Give Username" library="resource">
<arg>${user}</arg>
<kw name="Input Text" library="SeleniumLibrary">
<arg>id=user_login</arg>
<arg>${username}</arg>
<doc>Types the given ``text`` into the text field identified by ``locator``.</doc>
<msg timestamp="20220531 15:52:44.674" level="INFO">Typing text '' into text field 'id=user_login'.</msg>
<status status="PASS" starttime="20220531 15:52:44.674" endtime="20220531 15:52:44.757"/>
</kw>
<status status="PASS" starttime="20220531 15:52:44.673" endtime="20220531 15:52:44.757"/>
</kw>
<kw name="Give Password" library="resource">
<arg>${pass}</arg>
<kw name="Input Text" library="SeleniumLibrary">
<arg>id=user_password</arg>
<arg>${password}</arg>
<doc>Types the given ``text`` into the text field identified by ``locator``.</doc>
<msg timestamp="20220531 15:52:44.759" level="INFO">Typing text '' into text field 'id=user_password'.</msg>
<status status="PASS" starttime="20220531 15:52:44.758" endtime="20220531 15:52:44.828"/>
</kw>
<status status="PASS" starttime="20220531 15:52:44.758" endtime="20220531 15:52:44.829"/>
</kw>
<kw name="Click the Login button" library="resource">
<kw name="Click Button" library="SeleniumLibrary">
<arg>id=login_button</arg>
<doc>Clicks the button identified by ``locator``.</doc>
<msg timestamp="20220531 15:52:44.829" level="INFO">Clicking button 'id=login_button'.</msg>
<status status="PASS" starttime="20220531 15:52:44.829" endtime="20220531 15:52:44.914"/>
</kw>
<status status="PASS" starttime="20220531 15:52:44.829" endtime="20220531 15:52:44.914"/>
</kw>
<kw name="Title Should Be" library="SeleniumLibrary">
<arg>MzadQatar Login</arg>
<doc>Verifies that the current page title equals ``title``.</doc>
<msg timestamp="20220531 15:52:44.920" level="INFO">Page title is 'MzadQatar Login'.</msg>
<status status="PASS" starttime="20220531 15:52:44.914" endtime="20220531 15:52:44.920"/>
</kw>
<kw name="Close Browser" library="SeleniumLibrary" type="TEARDOWN">
<doc>Closes the current browser.</doc>
<status status="PASS" starttime="20220531 15:52:44.920" endtime="20220531 15:52:47.038"/>
</kw>
<status status="PASS" starttime="20220531 15:52:37.350" endtime="20220531 15:52:47.038"/>
</kw>
<status status="PASS" starttime="20220531 15:52:37.349" endtime="20220531 15:52:47.040"/>
</test>
<test id="s1-t7" name="Correct Both" line="18">
<kw name="Login should pass" library="resource">
<arg>98013711</arg>
<arg>Venom007</arg>
<kw name="Open login page" library="resource">
<kw name="Open Browser" library="SeleniumLibrary">
<arg>${URL}</arg>
<arg>${BROWSER}</arg>
<doc>Opens a new browser instance to the optional ``url``.</doc>
<msg timestamp="20220531 15:52:47.049" level="INFO">Opening browser 'Chrome' to base url 'https://en.mzadqatar.com/login'.</msg>
<status status="PASS" starttime="20220531 15:52:47.048" endtime="20220531 15:52:52.907"/>
</kw>
<kw name="Maximize Browser Window" library="SeleniumLibrary">
<doc>Maximizes current browser window.</doc>
<status status="PASS" starttime="20220531 15:52:52.907" endtime="20220531 15:52:53.029"/>
</kw>
<kw name="Set Selenium Speed" library="SeleniumLibrary">
<arg>${DELAY}</arg>
<doc>Sets the delay that is waited after each Selenium command.</doc>
<status status="PASS" starttime="20220531 15:52:53.029" endtime="20220531 15:52:53.030"/>
</kw>
<status status="PASS" starttime="20220531 15:52:47.048" endtime="20220531 15:52:53.030"/>
</kw>
<kw name="Give Username" library="resource">
<arg>${user}</arg>
<kw name="Input Text" library="SeleniumLibrary">
<arg>id=user_login</arg>
<arg>${username}</arg>
<doc>Types the given ``text`` into the text field identified by ``locator``.</doc>
<msg timestamp="20220531 15:52:53.031" level="INFO">Typing text '98013711' into text field 'id=user_login'.</msg>
<status status="PASS" starttime="20220531 15:52:53.030" endtime="20220531 15:52:53.143"/>
</kw>
<status status="PASS" starttime="20220531 15:52:53.030" endtime="20220531 15:52:53.144"/>
</kw>
<kw name="Give Password" library="resource">
<arg>${pass}</arg>
<kw name="Input Text" library="SeleniumLibrary">
<arg>id=user_password</arg>
<arg>${password}</arg>
<doc>Types the given ``text`` into the text field identified by ``locator``.</doc>
<msg timestamp="20220531 15:52:53.144" level="INFO">Typing text 'Venom007' into text field 'id=user_password'.</msg>
<status status="PASS" starttime="20220531 15:52:53.144" endtime="20220531 15:52:53.250"/>
</kw>
<status status="PASS" starttime="20220531 15:52:53.144" endtime="20220531 15:52:53.250"/>
</kw>
<kw name="Click the Login button" library="resource">
<kw name="Click Button" library="SeleniumLibrary">
<arg>id=login_button</arg>
<doc>Clicks the button identified by ``locator``.</doc>
<msg timestamp="20220531 15:52:53.250" level="INFO">Clicking button 'id=login_button'.</msg>
<status status="PASS" starttime="20220531 15:52:53.250" endtime="20220531 15:52:53.324"/>
</kw>
<status status="PASS" starttime="20220531 15:52:53.250" endtime="20220531 15:52:53.324"/>
</kw>
<kw name="Sleep" library="BuiltIn">
<arg>3</arg>
<doc>Pauses the test executed for the given time.</doc>
<msg timestamp="20220531 15:52:56.329" level="INFO">Slept 3 seconds</msg>
<status status="PASS" starttime="20220531 15:52:53.324" endtime="20220531 15:52:56.329"/>
</kw>
<kw name="Title Should Be" library="SeleniumLibrary">
<arg>Biggest marketplace in Qatar | Mzad Qatar</arg>
<doc>Verifies that the current page title equals ``title``.</doc>
<msg timestamp="20220531 15:53:05.422" level="INFO">Page title is 'Biggest marketplace in Qatar | Mzad Qatar'.</msg>
<status status="PASS" starttime="20220531 15:52:56.329" endtime="20220531 15:53:05.422"/>
</kw>
<kw name="Close Browser" library="SeleniumLibrary" type="TEARDOWN">
<doc>Closes the current browser.</doc>
<status status="PASS" starttime="20220531 15:53:05.422" endtime="20220531 15:53:07.585"/>
</kw>
<status status="PASS" starttime="20220531 15:52:47.046" endtime="20220531 15:53:07.586"/>
</kw>
<status status="PASS" starttime="20220531 15:52:47.044" endtime="20220531 15:53:07.588"/>
</test>
<status status="PASS" starttime="20220531 15:51:43.858" endtime="20220531 15:53:07.593"/>
</suite>
<statistics>
<total>
<stat pass="7" fail="0" skip="0">All Tests</stat>
</total>
<tag>
</tag>
<suite>
<stat pass="7" fail="0" skip="0" id="s1" name="Invalid Login">Invalid Login</stat>
</suite>
</statistics>
<errors>
</errors>
</robot>
