<?xml version="1.0" encoding="UTF-8"?>
<robot generator="Robot 5.0 (Python 3.10.2 on win32)" generated="20221207 05:11:28.276" rpa="false" schemaversion="3">
<suite id="s1" name="Invalid Login" source="C:\Users\abdel\PycharmProjects\RobotFramework\Automation\TestSuits\Login\invalid_login.robot">
<test id="s1-t1" name="Invalid_username" line="6">
<kw name="Login should fail" library="resource">
<arg>invalid</arg>
<arg>Venom007</arg>
<kw name="Open login page" library="resource">
<kw name="Open Browser" library="SeleniumLibrary">
<arg>${URL}</arg>
<arg>${BROWSER}</arg>
<doc>Opens a new browser instance to the optional ``url``.</doc>
<msg timestamp="20221207 05:11:28.773" level="INFO">Opening browser 'Chrome' to base url 'https://en.mzadqatar.com/login'.</msg>
<status status="PASS" starttime="20221207 05:11:28.773" endtime="20221207 05:11:34.425"/>
</kw>
<kw name="Maximize Browser Window" library="SeleniumLibrary">
<doc>Maximizes current browser window.</doc>
<status status="PASS" starttime="20221207 05:11:34.426" endtime="20221207 05:11:34.558"/>
</kw>
<kw name="Set Selenium Speed" library="SeleniumLibrary">
<arg>${DELAY}</arg>
<doc>Sets the delay that is waited after each Selenium command.</doc>
<status status="PASS" starttime="20221207 05:11:34.558" endtime="20221207 05:11:34.558"/>
</kw>
<status status="PASS" starttime="20221207 05:11:28.772" endtime="20221207 05:11:34.559"/>
</kw>
<kw name="Give Username" library="resource">
<arg>${user}</arg>
<kw name="Input Text" library="SeleniumLibrary">
<arg>id=user_login</arg>
<arg>${username}</arg>
<doc>Types the given ``text`` into the text field identified by ``locator``.</doc>
<msg timestamp="20221207 05:11:34.560" level="INFO">Typing text 'invalid' into text field 'id=user_login'.</msg>
<status status="PASS" starttime="20221207 05:11:34.559" endtime="20221207 05:11:34.724"/>
</kw>
<status status="PASS" starttime="20221207 05:11:34.559" endtime="20221207 05:11:34.724"/>
</kw>
<kw name="Give Password" library="resource">
<arg>${pass}</arg>
<kw name="Input Text" library="SeleniumLibrary">
<arg>id=user_password</arg>
<arg>${password}</arg>
<doc>Types the given ``text`` into the text field identified by ``locator``.</doc>
<msg timestamp="20221207 05:11:34.725" level="INFO">Typing text 'Venom007' into text field 'id=user_password'.</msg>
<status status="PASS" starttime="20221207 05:11:34.725" endtime="20221207 05:11:34.843"/>
</kw>
<status status="PASS" starttime="20221207 05:11:34.725" endtime="20221207 05:11:34.844"/>
</kw>
<kw name="Click the Login button" library="resource">
<kw name="Click Button" library="SeleniumLibrary">
<arg>id=login_button</arg>
<doc>Clicks the button identified by ``locator``.</doc>
<msg timestamp="20221207 05:11:34.844" level="INFO">Clicking button 'id=login_button'.</msg>
<status status="PASS" starttime="20221207 05:11:34.844" endtime="20221207 05:11:34.945"/>
</kw>
<status status="PASS" starttime="20221207 05:11:34.844" endtime="20221207 05:11:34.945"/>
</kw>
<kw name="Title Should Be" library="SeleniumLibrary">
<arg>MzadQatar Login</arg>
<doc>Verifies that the current page title equals ``title``.</doc>
<msg timestamp="20221207 05:11:34.952" level="INFO">Page title is 'MzadQatar Login'.</msg>
<status status="PASS" starttime="20221207 05:11:34.945" endtime="20221207 05:11:34.952"/>
</kw>
<kw name="Close Browser" library="SeleniumLibrary" type="TEARDOWN">
<doc>Closes the current browser.</doc>
<status status="PASS" starttime="20221207 05:11:34.953" endtime="20221207 05:11:37.124"/>
</kw>
<status status="PASS" starttime="20221207 05:11:28.772" endtime="20221207 05:11:37.124"/>
</kw>
<status status="PASS" starttime="20221207 05:11:28.771" endtime="20221207 05:11:37.125"/>
</test>
<test id="s1-t2" name="Invalid_password" line="8">
<kw name="Login should fail" library="resource">
<arg>98013711</arg>
<arg>invali</arg>
<kw name="Open login page" library="resource">
<kw name="Open Browser" library="SeleniumLibrary">
<arg>${URL}</arg>
<arg>${BROWSER}</arg>
<doc>Opens a new browser instance to the optional ``url``.</doc>
<msg timestamp="20221207 05:11:37.129" level="INFO">Opening browser 'Chrome' to base url 'https://en.mzadqatar.com/login'.</msg>
<status status="PASS" starttime="20221207 05:11:37.128" endtime="20221207 05:11:41.468"/>
</kw>
<kw name="Maximize Browser Window" library="SeleniumLibrary">
<doc>Maximizes current browser window.</doc>
<status status="PASS" starttime="20221207 05:11:41.468" endtime="20221207 05:11:41.621"/>
</kw>
<kw name="Set Selenium Speed" library="SeleniumLibrary">
<arg>${DELAY}</arg>
<doc>Sets the delay that is waited after each Selenium command.</doc>
<status status="PASS" starttime="20221207 05:11:41.621" endtime="20221207 05:11:41.622"/>
</kw>
<status status="PASS" starttime="20221207 05:11:37.128" endtime="20221207 05:11:41.623"/>
</kw>
<kw name="Give Username" library="resource">
<arg>${user}</arg>
<kw name="Input Text" library="SeleniumLibrary">
<arg>id=user_login</arg>
<arg>${username}</arg>
<doc>Types the given ``text`` into the text field identified by ``locator``.</doc>
<msg timestamp="20221207 05:11:41.624" level="INFO">Typing text '98013711' into text field 'id=user_login'.</msg>
<status status="PASS" starttime="20221207 05:11:41.624" endtime="20221207 05:11:41.836"/>
</kw>
<status status="PASS" starttime="20221207 05:11:41.623" endtime="20221207 05:11:41.836"/>
</kw>
<kw name="Give Password" library="resource">
<arg>${pass}</arg>
<kw name="Input Text" library="SeleniumLibrary">
<arg>id=user_password</arg>
<arg>${password}</arg>
<doc>Types the given ``text`` into the text field identified by ``locator``.</doc>
<msg timestamp="20221207 05:11:41.838" level="INFO">Typing text 'invali' into text field 'id=user_password'.</msg>
<status status="PASS" starttime="20221207 05:11:41.837" endtime="20221207 05:11:41.952"/>
</kw>
<status status="PASS" starttime="20221207 05:11:41.837" endtime="20221207 05:11:41.952"/>
</kw>
<kw name="Click the Login button" library="resource">
<kw name="Click Button" library="SeleniumLibrary">
<arg>id=login_button</arg>
<doc>Clicks the button identified by ``locator``.</doc>
<msg timestamp="20221207 05:11:41.953" level="INFO">Clicking button 'id=login_button'.</msg>
<status status="PASS" starttime="20221207 05:11:41.953" endtime="20221207 05:11:42.049"/>
</kw>
<status status="PASS" starttime="20221207 05:11:41.953" endtime="20221207 05:11:42.049"/>
</kw>
<kw name="Title Should Be" library="SeleniumLibrary">
<arg>MzadQatar Login</arg>
<doc>Verifies that the current page title equals ``title``.</doc>
<msg timestamp="20221207 05:11:42.061" level="INFO">Page title is 'MzadQatar Login'.</msg>
<status status="PASS" starttime="20221207 05:11:42.050" endtime="20221207 05:11:42.061"/>
</kw>
<kw name="Close Browser" library="SeleniumLibrary" type="TEARDOWN">
<doc>Closes the current browser.</doc>
<status status="PASS" starttime="20221207 05:11:42.062" endtime="20221207 05:11:44.226"/>
</kw>
<status status="PASS" starttime="20221207 05:11:37.127" endtime="20221207 05:11:44.226"/>
</kw>
<status status="PASS" starttime="20221207 05:11:37.127" endtime="20221207 05:11:44.227"/>
</test>
<test id="s1-t3" name="Both invalid" line="10">
<kw name="Login should fail" library="resource">
<arg>Invalid</arg>
<arg>invalid</arg>
<kw name="Open login page" library="resource">
<kw name="Open Browser" library="SeleniumLibrary">
<arg>${URL}</arg>
<arg>${BROWSER}</arg>
<doc>Opens a new browser instance to the optional ``url``.</doc>
<msg timestamp="20221207 05:11:44.229" level="INFO">Opening browser 'Chrome' to base url 'https://en.mzadqatar.com/login'.</msg>
<status status="PASS" starttime="20221207 05:11:44.229" endtime="20221207 05:11:49.076"/>
</kw>
<kw name="Maximize Browser Window" library="SeleniumLibrary">
<doc>Maximizes current browser window.</doc>
<status status="PASS" starttime="20221207 05:11:49.077" endtime="20221207 05:11:49.189"/>
</kw>
<kw name="Set Selenium Speed" library="SeleniumLibrary">
<arg>${DELAY}</arg>
<doc>Sets the delay that is waited after each Selenium command.</doc>
<status status="PASS" starttime="20221207 05:11:49.189" endtime="20221207 05:11:49.190"/>
</kw>
<status status="PASS" starttime="20221207 05:11:44.229" endtime="20221207 05:11:49.190"/>
</kw>
<kw name="Give Username" library="resource">
<arg>${user}</arg>
<kw name="Input Text" library="SeleniumLibrary">
<arg>id=user_login</arg>
<arg>${username}</arg>
<doc>Types the given ``text`` into the text field identified by ``locator``.</doc>
<msg timestamp="20221207 05:11:49.191" level="INFO">Typing text 'Invalid' into text field 'id=user_login'.</msg>
<status status="PASS" starttime="20221207 05:11:49.190" endtime="20221207 05:11:49.390"/>
</kw>
<status status="PASS" starttime="20221207 05:11:49.190" endtime="20221207 05:11:49.391"/>
</kw>
<kw name="Give Password" library="resource">
<arg>${pass}</arg>
<kw name="Input Text" library="SeleniumLibrary">
<arg>id=user_password</arg>
<arg>${password}</arg>
<doc>Types the given ``text`` into the text field identified by ``locator``.</doc>
<msg timestamp="20221207 05:11:49.391" level="INFO">Typing text 'invalid' into text field 'id=user_password'.</msg>
<status status="PASS" starttime="20221207 05:11:49.391" endtime="20221207 05:11:49.514"/>
</kw>
<status status="PASS" starttime="20221207 05:11:49.391" endtime="20221207 05:11:49.514"/>
</kw>
<kw name="Click the Login button" library="resource">
<kw name="Click Button" library="SeleniumLibrary">
<arg>id=login_button</arg>
<doc>Clicks the button identified by ``locator``.</doc>
<msg timestamp="20221207 05:11:49.514" level="INFO">Clicking button 'id=login_button'.</msg>
<status status="PASS" starttime="20221207 05:11:49.514" endtime="20221207 05:11:49.612"/>
</kw>
<status status="PASS" starttime="20221207 05:11:49.514" endtime="20221207 05:11:49.613"/>
</kw>
<kw name="Title Should Be" library="SeleniumLibrary">
<arg>MzadQatar Login</arg>
<doc>Verifies that the current page title equals ``title``.</doc>
<msg timestamp="20221207 05:11:49.621" level="INFO">Page title is 'MzadQatar Login'.</msg>
<status status="PASS" starttime="20221207 05:11:49.613" endtime="20221207 05:11:49.621"/>
</kw>
<kw name="Close Browser" library="SeleniumLibrary" type="TEARDOWN">
<doc>Closes the current browser.</doc>
<status status="PASS" starttime="20221207 05:11:49.621" endtime="20221207 05:11:51.790"/>
</kw>
<status status="PASS" starttime="20221207 05:11:44.228" endtime="20221207 05:11:51.790"/>
</kw>
<status status="PASS" starttime="20221207 05:11:44.228" endtime="20221207 05:11:51.790"/>
</test>
<test id="s1-t4" name="Empty username" line="12">
<kw name="Login should fail" library="resource">
<arg>${EMPTY}</arg>
<arg>Venom007</arg>
<kw name="Open login page" library="resource">
<kw name="Open Browser" library="SeleniumLibrary">
<arg>${URL}</arg>
<arg>${BROWSER}</arg>
<doc>Opens a new browser instance to the optional ``url``.</doc>
<msg timestamp="20221207 05:11:51.793" level="INFO">Opening browser 'Chrome' to base url 'https://en.mzadqatar.com/login'.</msg>
<status status="PASS" starttime="20221207 05:11:51.793" endtime="20221207 05:11:58.022"/>
</kw>
<kw name="Maximize Browser Window" library="SeleniumLibrary">
<doc>Maximizes current browser window.</doc>
<status status="PASS" starttime="20221207 05:11:58.022" endtime="20221207 05:11:58.146"/>
</kw>
<kw name="Set Selenium Speed" library="SeleniumLibrary">
<arg>${DELAY}</arg>
<doc>Sets the delay that is waited after each Selenium command.</doc>
<status status="PASS" starttime="20221207 05:11:58.146" endtime="20221207 05:11:58.147"/>
</kw>
<status status="PASS" starttime="20221207 05:11:51.793" endtime="20221207 05:11:58.147"/>
</kw>
<kw name="Give Username" library="resource">
<arg>${user}</arg>
<kw name="Input Text" library="SeleniumLibrary">
<arg>id=user_login</arg>
<arg>${username}</arg>
<doc>Types the given ``text`` into the text field identified by ``locator``.</doc>
<msg timestamp="20221207 05:11:58.149" level="INFO">Typing text '' into text field 'id=user_login'.</msg>
<status status="PASS" starttime="20221207 05:11:58.148" endtime="20221207 05:11:58.304"/>
</kw>
<status status="PASS" starttime="20221207 05:11:58.148" endtime="20221207 05:11:58.304"/>
</kw>
<kw name="Give Password" library="resource">
<arg>${pass}</arg>
<kw name="Input Text" library="SeleniumLibrary">
<arg>id=user_password</arg>
<arg>${password}</arg>
<doc>Types the given ``text`` into the text field identified by ``locator``.</doc>
<msg timestamp="20221207 05:11:58.305" level="INFO">Typing text 'Venom007' into text field 'id=user_password'.</msg>
<status status="PASS" starttime="20221207 05:11:58.305" endtime="20221207 05:11:58.450"/>
</kw>
<status status="PASS" starttime="20221207 05:11:58.304" endtime="20221207 05:11:58.451"/>
</kw>
<kw name="Click the Login button" library="resource">
<kw name="Click Button" library="SeleniumLibrary">
<arg>id=login_button</arg>
<doc>Clicks the button identified by ``locator``.</doc>
<msg timestamp="20221207 05:11:58.451" level="INFO">Clicking button 'id=login_button'.</msg>
<status status="PASS" starttime="20221207 05:11:58.451" endtime="20221207 05:11:58.559"/>
</kw>
<status status="PASS" starttime="20221207 05:11:58.451" endtime="20221207 05:11:58.560"/>
</kw>
<kw name="Title Should Be" library="SeleniumLibrary">
<arg>MzadQatar Login</arg>
<doc>Verifies that the current page title equals ``title``.</doc>
<msg timestamp="20221207 05:11:58.566" level="INFO">Page title is 'MzadQatar Login'.</msg>
<status status="PASS" starttime="20221207 05:11:58.560" endtime="20221207 05:11:58.566"/>
</kw>
<kw name="Close Browser" library="SeleniumLibrary" type="TEARDOWN">
<doc>Closes the current browser.</doc>
<status status="PASS" starttime="20221207 05:11:58.566" endtime="20221207 05:12:00.722"/>
</kw>
<status status="PASS" starttime="20221207 05:11:51.792" endtime="20221207 05:12:00.722"/>
</kw>
<status status="PASS" starttime="20221207 05:11:51.791" endtime="20221207 05:12:00.723"/>
</test>
<test id="s1-t5" name="Empty password" line="15">
<kw name="Login should fail" library="resource">
<arg>98013711</arg>
<arg>${EMPTY}</arg>
<kw name="Open login page" library="resource">
<kw name="Open Browser" library="SeleniumLibrary">
<arg>${URL}</arg>
<arg>${BROWSER}</arg>
<doc>Opens a new browser instance to the optional ``url``.</doc>
<msg timestamp="20221207 05:12:00.727" level="INFO">Opening browser 'Chrome' to base url 'https://en.mzadqatar.com/login'.</msg>
<status status="PASS" starttime="20221207 05:12:00.726" endtime="20221207 05:12:16.880"/>
</kw>
<kw name="Maximize Browser Window" library="SeleniumLibrary">
<doc>Maximizes current browser window.</doc>
<status status="PASS" starttime="20221207 05:12:16.880" endtime="20221207 05:12:17.007"/>
</kw>
<kw name="Set Selenium Speed" library="SeleniumLibrary">
<arg>${DELAY}</arg>
<doc>Sets the delay that is waited after each Selenium command.</doc>
<status status="PASS" starttime="20221207 05:12:17.007" endtime="20221207 05:12:17.008"/>
</kw>
<status status="PASS" starttime="20221207 05:12:00.726" endtime="20221207 05:12:17.008"/>
</kw>
<kw name="Give Username" library="resource">
<arg>${user}</arg>
<kw name="Input Text" library="SeleniumLibrary">
<arg>id=user_login</arg>
<arg>${username}</arg>
<doc>Types the given ``text`` into the text field identified by ``locator``.</doc>
<msg timestamp="20221207 05:12:17.008" level="INFO">Typing text '98013711' into text field 'id=user_login'.</msg>
<status status="PASS" starttime="20221207 05:12:17.008" endtime="20221207 05:12:17.157"/>
</kw>
<status status="PASS" starttime="20221207 05:12:17.008" endtime="20221207 05:12:17.158"/>
</kw>
<kw name="Give Password" library="resource">
<arg>${pass}</arg>
<kw name="Input Text" library="SeleniumLibrary">
<arg>id=user_password</arg>
<arg>${password}</arg>
<doc>Types the given ``text`` into the text field identified by ``locator``.</doc>
<msg timestamp="20221207 05:12:17.159" level="INFO">Typing text '' into text field 'id=user_password'.</msg>
<status status="PASS" starttime="20221207 05:12:17.158" endtime="20221207 05:12:17.248"/>
</kw>
<status status="PASS" starttime="20221207 05:12:17.158" endtime="20221207 05:12:17.249"/>
</kw>
<kw name="Click the Login button" library="resource">
<kw name="Click Button" library="SeleniumLibrary">
<arg>id=login_button</arg>
<doc>Clicks the button identified by ``locator``.</doc>
<msg timestamp="20221207 05:12:17.250" level="INFO">Clicking button 'id=login_button'.</msg>
<status status="PASS" starttime="20221207 05:12:17.249" endtime="20221207 05:12:17.350"/>
</kw>
<status status="PASS" starttime="20221207 05:12:17.249" endtime="20221207 05:12:17.351"/>
</kw>
<kw name="Title Should Be" library="SeleniumLibrary">
<arg>MzadQatar Login</arg>
<doc>Verifies that the current page title equals ``title``.</doc>
<msg timestamp="20221207 05:12:17.362" level="INFO">Page title is 'MzadQatar Login'.</msg>
<status status="PASS" starttime="20221207 05:12:17.351" endtime="20221207 05:12:17.362"/>
</kw>
<kw name="Close Browser" library="SeleniumLibrary" type="TEARDOWN">
<doc>Closes the current browser.</doc>
<status status="PASS" starttime="20221207 05:12:17.362" endtime="20221207 05:12:19.533"/>
</kw>
<status status="PASS" starttime="20221207 05:12:00.725" endtime="20221207 05:12:19.533"/>
</kw>
<status status="PASS" starttime="20221207 05:12:00.725" endtime="20221207 05:12:19.534"/>
</test>
<test id="s1-t6" name="Empty both" line="17">
<kw name="Login should fail" library="resource">
<arg>${EMPTY}</arg>
<arg>${EMPTY}</arg>
<kw name="Open login page" library="resource">
<kw name="Open Browser" library="SeleniumLibrary">
<arg>${URL}</arg>
<arg>${BROWSER}</arg>
<doc>Opens a new browser instance to the optional ``url``.</doc>
<msg timestamp="20221207 05:12:19.537" level="INFO">Opening browser 'Chrome' to base url 'https://en.mzadqatar.com/login'.</msg>
<status status="PASS" starttime="20221207 05:12:19.537" endtime="20221207 05:12:25.960"/>
</kw>
<kw name="Maximize Browser Window" library="SeleniumLibrary">
<doc>Maximizes current browser window.</doc>
<status status="PASS" starttime="20221207 05:12:25.960" endtime="20221207 05:12:26.089"/>
</kw>
<kw name="Set Selenium Speed" library="SeleniumLibrary">
<arg>${DELAY}</arg>
<doc>Sets the delay that is waited after each Selenium command.</doc>
<status status="PASS" starttime="20221207 05:12:26.089" endtime="20221207 05:12:26.090"/>
</kw>
<status status="PASS" starttime="20221207 05:12:19.536" endtime="20221207 05:12:26.090"/>
</kw>
<kw name="Give Username" library="resource">
<arg>${user}</arg>
<kw name="Input Text" library="SeleniumLibrary">
<arg>id=user_login</arg>
<arg>${username}</arg>
<doc>Types the given ``text`` into the text field identified by ``locator``.</doc>
<msg timestamp="20221207 05:12:26.091" level="INFO">Typing text '' into text field 'id=user_login'.</msg>
<status status="PASS" starttime="20221207 05:12:26.090" endtime="20221207 05:12:26.189"/>
</kw>
<status status="PASS" starttime="20221207 05:12:26.090" endtime="20221207 05:12:26.189"/>
</kw>
<kw name="Give Password" library="resource">
<arg>${pass}</arg>
<kw name="Input Text" library="SeleniumLibrary">
<arg>id=user_password</arg>
<arg>${password}</arg>
<doc>Types the given ``text`` into the text field identified by ``locator``.</doc>
<msg timestamp="20221207 05:12:26.190" level="INFO">Typing text '' into text field 'id=user_password'.</msg>
<status status="PASS" starttime="20221207 05:12:26.189" endtime="20221207 05:12:26.290"/>
</kw>
<status status="PASS" starttime="20221207 05:12:26.189" endtime="20221207 05:12:26.290"/>
</kw>
<kw name="Click the Login button" library="resource">
<kw name="Click Button" library="SeleniumLibrary">
<arg>id=login_button</arg>
<doc>Clicks the button identified by ``locator``.</doc>
<msg timestamp="20221207 05:12:26.291" level="INFO">Clicking button 'id=login_button'.</msg>
<status status="PASS" starttime="20221207 05:12:26.291" endtime="20221207 05:12:26.440"/>
</kw>
<status status="PASS" starttime="20221207 05:12:26.290" endtime="20221207 05:12:26.440"/>
</kw>
<kw name="Title Should Be" library="SeleniumLibrary">
<arg>MzadQatar Login</arg>
<doc>Verifies that the current page title equals ``title``.</doc>
<msg timestamp="20221207 05:12:26.447" level="INFO">Page title is 'MzadQatar Login'.</msg>
<status status="PASS" starttime="20221207 05:12:26.440" endtime="20221207 05:12:26.447"/>
</kw>
<kw name="Close Browser" library="SeleniumLibrary" type="TEARDOWN">
<doc>Closes the current browser.</doc>
<status status="PASS" starttime="20221207 05:12:26.448" endtime="20221207 05:12:28.632"/>
</kw>
<status status="PASS" starttime="20221207 05:12:19.536" endtime="20221207 05:12:28.632"/>
</kw>
<status status="PASS" starttime="20221207 05:12:19.535" endtime="20221207 05:12:28.633"/>
</test>
<status status="PASS" starttime="20221207 05:11:28.278" endtime="20221207 05:12:28.634"/>
</suite>
<statistics>
<total>
<stat pass="6" fail="0" skip="0">All Tests</stat>
</total>
<tag>
</tag>
<suite>
<stat pass="6" fail="0" skip="0" id="s1" name="Invalid Login">Invalid Login</stat>
</suite>
</statistics>
<errors>
</errors>
</robot>
