<?xml version="1.0" encoding="UTF-8"?>
<robot generator="Robot 5.0 (Python 3.10.2 on win32)" generated="20221116 23:46:07.900" rpa="false" schemaversion="3">
<suite id="s1" name="Invalid Login" source="C:\Users\abdel\PycharmProjects\RobotFramework\Automation\TestSuits\Login\invalid_login.robot">
<test id="s1-t1" name="Invalid_username" line="6">
<kw name="Login should fail" library="resource">
<arg>invalid</arg>
<arg>Venom007</arg>
<kw name="Open login page" library="resource">
<kw name="Open Browser" library="SeleniumLibrary">
<arg>${URL}</arg>
<arg>${BROWSER}</arg>
<doc>Opens a new browser instance to the optional ``url``.</doc>
<msg timestamp="20221116 23:46:08.128" level="INFO">Opening browser 'Chrome' to base url 'https://en.mzadqatar.com/login'.</msg>
<status status="PASS" starttime="20221116 23:46:08.128" endtime="20221116 23:46:20.957"/>
</kw>
<kw name="Maximize Browser Window" library="SeleniumLibrary">
<doc>Maximizes current browser window.</doc>
<status status="PASS" starttime="20221116 23:46:20.957" endtime="20221116 23:46:21.073"/>
</kw>
<kw name="Set Selenium Speed" library="SeleniumLibrary">
<arg>${DELAY}</arg>
<doc>Sets the delay that is waited after each Selenium command.</doc>
<status status="PASS" starttime="20221116 23:46:21.074" endtime="20221116 23:46:21.074"/>
</kw>
<status status="PASS" starttime="20221116 23:46:08.127" endtime="20221116 23:46:21.074"/>
</kw>
<kw name="Give Username" library="resource">
<arg>${user}</arg>
<kw name="Input Text" library="SeleniumLibrary">
<arg>id=user_login</arg>
<arg>${username}</arg>
<doc>Types the given ``text`` into the text field identified by ``locator``.</doc>
<msg timestamp="20221116 23:46:21.075" level="INFO">Typing text 'invalid' into text field 'id=user_login'.</msg>
<status status="PASS" starttime="20221116 23:46:21.074" endtime="20221116 23:46:21.196"/>
</kw>
<status status="PASS" starttime="20221116 23:46:21.074" endtime="20221116 23:46:21.196"/>
</kw>
<kw name="Give Password" library="resource">
<arg>${pass}</arg>
<kw name="Input Text" library="SeleniumLibrary">
<arg>id=user_password</arg>
<arg>${password}</arg>
<doc>Types the given ``text`` into the text field identified by ``locator``.</doc>
<msg timestamp="20221116 23:46:21.197" level="INFO">Typing text 'Venom007' into text field 'id=user_password'.</msg>
<status status="PASS" starttime="20221116 23:46:21.197" endtime="20221116 23:46:21.316"/>
</kw>
<status status="PASS" starttime="20221116 23:46:21.196" endtime="20221116 23:46:21.316"/>
</kw>
<kw name="Click the Login button" library="resource">
<kw name="Click Button" library="SeleniumLibrary">
<arg>id=login_button</arg>
<doc>Clicks the button identified by ``locator``.</doc>
<msg timestamp="20221116 23:46:21.316" level="INFO">Clicking button 'id=login_button'.</msg>
<status status="PASS" starttime="20221116 23:46:21.316" endtime="20221116 23:46:21.388"/>
</kw>
<status status="PASS" starttime="20221116 23:46:21.316" endtime="20221116 23:46:21.388"/>
</kw>
<kw name="Title Should Be" library="SeleniumLibrary">
<arg>MzadQatar Login</arg>
<doc>Verifies that the current page title equals ``title``.</doc>
<msg timestamp="20221116 23:46:21.400" level="INFO">Page title is 'MzadQatar Login'.</msg>
<status status="PASS" starttime="20221116 23:46:21.389" endtime="20221116 23:46:21.400"/>
</kw>
<kw name="Close Browser" library="SeleniumLibrary" type="TEARDOWN">
<doc>Closes the current browser.</doc>
<status status="PASS" starttime="20221116 23:46:21.400" endtime="20221116 23:46:23.532"/>
</kw>
<status status="PASS" starttime="20221116 23:46:08.127" endtime="20221116 23:46:23.532"/>
</kw>
<status status="PASS" starttime="20221116 23:46:08.126" endtime="20221116 23:46:23.532"/>
</test>
<test id="s1-t2" name="Invalid_password" line="8">
<kw name="Login should fail" library="resource">
<arg>98013711</arg>
<arg>invali</arg>
<kw name="Open login page" library="resource">
<kw name="Open Browser" library="SeleniumLibrary">
<arg>${URL}</arg>
<arg>${BROWSER}</arg>
<doc>Opens a new browser instance to the optional ``url``.</doc>
<msg timestamp="20221116 23:46:23.534" level="INFO">Opening browser 'Chrome' to base url 'https://en.mzadqatar.com/login'.</msg>
<status status="PASS" starttime="20221116 23:46:23.533" endtime="20221116 23:46:30.320"/>
</kw>
<kw name="Maximize Browser Window" library="SeleniumLibrary">
<doc>Maximizes current browser window.</doc>
<status status="PASS" starttime="20221116 23:46:30.320" endtime="20221116 23:46:30.435"/>
</kw>
<kw name="Set Selenium Speed" library="SeleniumLibrary">
<arg>${DELAY}</arg>
<doc>Sets the delay that is waited after each Selenium command.</doc>
<status status="PASS" starttime="20221116 23:46:30.436" endtime="20221116 23:46:30.436"/>
</kw>
<status status="PASS" starttime="20221116 23:46:23.533" endtime="20221116 23:46:30.436"/>
</kw>
<kw name="Give Username" library="resource">
<arg>${user}</arg>
<kw name="Input Text" library="SeleniumLibrary">
<arg>id=user_login</arg>
<arg>${username}</arg>
<doc>Types the given ``text`` into the text field identified by ``locator``.</doc>
<msg timestamp="20221116 23:46:30.436" level="INFO">Typing text '98013711' into text field 'id=user_login'.</msg>
<status status="PASS" starttime="20221116 23:46:30.436" endtime="20221116 23:46:30.572"/>
</kw>
<status status="PASS" starttime="20221116 23:46:30.436" endtime="20221116 23:46:30.572"/>
</kw>
<kw name="Give Password" library="resource">
<arg>${pass}</arg>
<kw name="Input Text" library="SeleniumLibrary">
<arg>id=user_password</arg>
<arg>${password}</arg>
<doc>Types the given ``text`` into the text field identified by ``locator``.</doc>
<msg timestamp="20221116 23:46:30.572" level="INFO">Typing text 'invali' into text field 'id=user_password'.</msg>
<status status="PASS" starttime="20221116 23:46:30.572" endtime="20221116 23:46:30.688"/>
</kw>
<status status="PASS" starttime="20221116 23:46:30.572" endtime="20221116 23:46:30.688"/>
</kw>
<kw name="Click the Login button" library="resource">
<kw name="Click Button" library="SeleniumLibrary">
<arg>id=login_button</arg>
<doc>Clicks the button identified by ``locator``.</doc>
<msg timestamp="20221116 23:46:30.689" level="INFO">Clicking button 'id=login_button'.</msg>
<status status="PASS" starttime="20221116 23:46:30.689" endtime="20221116 23:46:30.797"/>
</kw>
<status status="PASS" starttime="20221116 23:46:30.688" endtime="20221116 23:46:30.797"/>
</kw>
<kw name="Title Should Be" library="SeleniumLibrary">
<arg>MzadQatar Login</arg>
<doc>Verifies that the current page title equals ``title``.</doc>
<msg timestamp="20221116 23:46:30.803" level="INFO">Page title is 'MzadQatar Login'.</msg>
<status status="PASS" starttime="20221116 23:46:30.797" endtime="20221116 23:46:30.803"/>
</kw>
<kw name="Close Browser" library="SeleniumLibrary" type="TEARDOWN">
<doc>Closes the current browser.</doc>
<status status="PASS" starttime="20221116 23:46:30.803" endtime="20221116 23:46:32.933"/>
</kw>
<status status="PASS" starttime="20221116 23:46:23.533" endtime="20221116 23:46:32.933"/>
</kw>
<status status="PASS" starttime="20221116 23:46:23.533" endtime="20221116 23:46:32.933"/>
</test>
<test id="s1-t3" name="Both invalid" line="10">
<kw name="Login should fail" library="resource">
<arg>Invalid</arg>
<arg>invalid</arg>
<kw name="Open login page" library="resource">
<kw name="Open Browser" library="SeleniumLibrary">
<arg>${URL}</arg>
<arg>${BROWSER}</arg>
<doc>Opens a new browser instance to the optional ``url``.</doc>
<msg timestamp="20221116 23:46:32.935" level="INFO">Opening browser 'Chrome' to base url 'https://en.mzadqatar.com/login'.</msg>
<status status="PASS" starttime="20221116 23:46:32.934" endtime="20221116 23:46:40.080"/>
</kw>
<kw name="Maximize Browser Window" library="SeleniumLibrary">
<doc>Maximizes current browser window.</doc>
<status status="PASS" starttime="20221116 23:46:40.080" endtime="20221116 23:46:40.195"/>
</kw>
<kw name="Set Selenium Speed" library="SeleniumLibrary">
<arg>${DELAY}</arg>
<doc>Sets the delay that is waited after each Selenium command.</doc>
<status status="PASS" starttime="20221116 23:46:40.195" endtime="20221116 23:46:40.196"/>
</kw>
<status status="PASS" starttime="20221116 23:46:32.934" endtime="20221116 23:46:40.196"/>
</kw>
<kw name="Give Username" library="resource">
<arg>${user}</arg>
<kw name="Input Text" library="SeleniumLibrary">
<arg>id=user_login</arg>
<arg>${username}</arg>
<doc>Types the given ``text`` into the text field identified by ``locator``.</doc>
<msg timestamp="20221116 23:46:40.196" level="INFO">Typing text 'Invalid' into text field 'id=user_login'.</msg>
<status status="PASS" starttime="20221116 23:46:40.196" endtime="20221116 23:46:40.334"/>
</kw>
<status status="PASS" starttime="20221116 23:46:40.196" endtime="20221116 23:46:40.335"/>
</kw>
<kw name="Give Password" library="resource">
<arg>${pass}</arg>
<kw name="Input Text" library="SeleniumLibrary">
<arg>id=user_password</arg>
<arg>${password}</arg>
<doc>Types the given ``text`` into the text field identified by ``locator``.</doc>
<msg timestamp="20221116 23:46:40.335" level="INFO">Typing text 'invalid' into text field 'id=user_password'.</msg>
<status status="PASS" starttime="20221116 23:46:40.335" endtime="20221116 23:46:40.445"/>
</kw>
<status status="PASS" starttime="20221116 23:46:40.335" endtime="20221116 23:46:40.445"/>
</kw>
<kw name="Click the Login button" library="resource">
<kw name="Click Button" library="SeleniumLibrary">
<arg>id=login_button</arg>
<doc>Clicks the button identified by ``locator``.</doc>
<msg timestamp="20221116 23:46:40.446" level="INFO">Clicking button 'id=login_button'.</msg>
<status status="PASS" starttime="20221116 23:46:40.445" endtime="20221116 23:46:40.544"/>
</kw>
<status status="PASS" starttime="20221116 23:46:40.445" endtime="20221116 23:46:40.544"/>
</kw>
<kw name="Title Should Be" library="SeleniumLibrary">
<arg>MzadQatar Login</arg>
<doc>Verifies that the current page title equals ``title``.</doc>
<msg timestamp="20221116 23:46:40.551" level="INFO">Page title is 'MzadQatar Login'.</msg>
<status status="PASS" starttime="20221116 23:46:40.544" endtime="20221116 23:46:40.551"/>
</kw>
<kw name="Close Browser" library="SeleniumLibrary" type="TEARDOWN">
<doc>Closes the current browser.</doc>
<status status="PASS" starttime="20221116 23:46:40.551" endtime="20221116 23:46:42.687"/>
</kw>
<status status="PASS" starttime="20221116 23:46:32.934" endtime="20221116 23:46:42.687"/>
</kw>
<status status="PASS" starttime="20221116 23:46:32.934" endtime="20221116 23:46:42.687"/>
</test>
<test id="s1-t4" name="Empty username" line="12">
<kw name="Login should fail" library="resource">
<arg>${EMPTY}</arg>
<arg>Venom007</arg>
<kw name="Open login page" library="resource">
<kw name="Open Browser" library="SeleniumLibrary">
<arg>${URL}</arg>
<arg>${BROWSER}</arg>
<doc>Opens a new browser instance to the optional ``url``.</doc>
<msg timestamp="20221116 23:46:42.689" level="INFO">Opening browser 'Chrome' to base url 'https://en.mzadqatar.com/login'.</msg>
<status status="PASS" starttime="20221116 23:46:42.689" endtime="20221116 23:46:49.355"/>
</kw>
<kw name="Maximize Browser Window" library="SeleniumLibrary">
<doc>Maximizes current browser window.</doc>
<msg timestamp="20221116 23:46:49.360" level="WARN">Keyword 'Capture Page Screenshot' could not be run on failure: Message: no such window: target window already closed
from unknown error: web view not found
  (Session info: chrome=107.0.5304.107)
Stacktrace:
Backtrace:
	Ordinal0 [0x0071ACD3+2075859]
	Ordinal0 [0x006AEE61+1633889]
	Ordinal0 [0x005AB7BD+571325]
	Ordinal0 [0x00592E1A+470554]
	Ordinal0 [0x005FAA0B+895499]
	Ordinal0 [0x0060AC96+961686]
	Ordinal0 [0x005F7136+880950]
	Ordinal0 [0x005CFEFD+720637]
	Ordinal0 [0x005D0F3F+724799]
	GetHandleVerifier [0x009CEED2+2769538]
	GetHandleVerifier [0x009C0D95+2711877]
	GetHandleVerifier [0x007AA03A+521194]
	GetHandleVerifier [0x007A8DA0+516432]
	Ordinal0 [0x006B682C+1665068]
	Ordinal0 [0x006BB128+1683752]
	Ordinal0 [0x006BB215+1683989]
	Ordinal0 [0x006C6484+1729668]
	BaseThreadInitThunk [0x75B9FA29+25]
	RtlGetAppContainerNamedObjectPath [0x77437A9E+286]
	RtlGetAppContainerNamedObjectPath [0x77437A6E+238]
</msg>
<msg timestamp="20221116 23:46:49.361" level="FAIL">NoSuchWindowException: Message: no such window: target window already closed
from unknown error: web view not found
  (Session info: chrome=107.0.5304.107)
Stacktrace:
Backtrace:
	Ordinal0 [0x0071ACD3+2075859]
	Ordinal0 [0x006AEE61+1633889]
	Ordinal0 [0x005AB7BD+571325]
	Ordinal0 [0x00592E1A+470554]
	Ordinal0 [0x005FAA0B+895499]
	Ordinal0 [0x0060AC96+961686]
	Ordinal0 [0x005F7136+880950]
	Ordinal0 [0x005CFEFD+720637]
	Ordinal0 [0x005D0F3F+724799]
	GetHandleVerifier [0x009CEED2+2769538]
	GetHandleVerifier [0x009C0D95+2711877]
	GetHandleVerifier [0x007AA03A+521194]
	GetHandleVerifier [0x007A8DA0+516432]
	Ordinal0 [0x006B682C+1665068]
	Ordinal0 [0x006BB128+1683752]
	Ordinal0 [0x006BB215+1683989]
	Ordinal0 [0x006C6484+1729668]
	BaseThreadInitThunk [0x75B9FA29+25]
	RtlGetAppContainerNamedObjectPath [0x77437A9E+286]
	RtlGetAppContainerNamedObjectPath [0x77437A6E+238]
</msg>
<status status="FAIL" starttime="20221116 23:46:49.356" endtime="20221116 23:46:49.363"/>
</kw>
<kw name="Set Selenium Speed" library="SeleniumLibrary">
<arg>${DELAY}</arg>
<doc>Sets the delay that is waited after each Selenium command.</doc>
<status status="NOT RUN" starttime="20221116 23:46:49.363" endtime="20221116 23:46:49.363"/>
</kw>
<status status="FAIL" starttime="20221116 23:46:42.688" endtime="20221116 23:46:49.364"/>
</kw>
<kw name="Give Username" library="resource">
<arg>${user}</arg>
<status status="NOT RUN" starttime="20221116 23:46:49.364" endtime="20221116 23:46:49.364"/>
</kw>
<kw name="Give Password" library="resource">
<arg>${pass}</arg>
<status status="NOT RUN" starttime="20221116 23:46:49.364" endtime="20221116 23:46:49.364"/>
</kw>
<kw name="Click the Login button" library="resource">
<status status="NOT RUN" starttime="20221116 23:46:49.364" endtime="20221116 23:46:49.364"/>
</kw>
<kw name="Title Should Be" library="SeleniumLibrary">
<arg>MzadQatar Login</arg>
<doc>Verifies that the current page title equals ``title``.</doc>
<status status="NOT RUN" starttime="20221116 23:46:49.364" endtime="20221116 23:46:49.364"/>
</kw>
<kw name="Close Browser" library="SeleniumLibrary" type="TEARDOWN">
<doc>Closes the current browser.</doc>
<status status="PASS" starttime="20221116 23:46:49.364" endtime="20221116 23:46:51.482"/>
</kw>
<status status="FAIL" starttime="20221116 23:46:42.688" endtime="20221116 23:46:51.482"/>
</kw>
<status status="FAIL" starttime="20221116 23:46:42.687" endtime="20221116 23:46:51.483">NoSuchWindowException: Message: no such window: target window already closed
from unknown error: web view not found
  (Session info: chrome=107.0.5304.107)
Stacktrace:
Backtrace:
	Ordinal0 [0x0071ACD3+2075859]
	Ordinal0 [0x006AEE61+1633889]
	Ordinal0 [0x005AB7BD+571325]
	Ordinal0 [0x00592E1A+470554]
	Ordinal0 [0x005FAA0B+895499]
	Ordinal0 [0x0060AC96+961686]
	Ordinal0 [0x005F7136+880950]
	Ordinal0 [0x005CFEFD+720637]
	Ordinal0 [0x005D0F3F+724799]
	GetHandleVerifier [0x009CEED2+2769538]
	GetHandleVerifier [0x009C0D95+2711877]
	GetHandleVerifier [0x007AA03A+521194]
	GetHandleVerifier [0x007A8DA0+516432]
	Ordinal0 [0x006B682C+1665068]
	Ordinal0 [0x006BB128+1683752]
	Ordinal0 [0x006BB215+1683989]
	Ordinal0 [0x006C6484+1729668]
	BaseThreadInitThunk [0x75B9FA29+25]
	RtlGetAppContainerNamedObjectPath [0x77437A9E+286]
	RtlGetAppContainerNamedObjectPath [0x77437A6E+238]
</status>
</test>
<test id="s1-t5" name="Empty password" line="15">
<kw name="Login should fail" library="resource">
<arg>98013711</arg>
<arg>${EMPTY}</arg>
<kw name="Open login page" library="resource">
<kw name="Open Browser" library="SeleniumLibrary">
<arg>${URL}</arg>
<arg>${BROWSER}</arg>
<doc>Opens a new browser instance to the optional ``url``.</doc>
<msg timestamp="20221116 23:46:51.485" level="INFO">Opening browser 'Chrome' to base url 'https://en.mzadqatar.com/login'.</msg>
<status status="PASS" starttime="20221116 23:46:51.484" endtime="20221116 23:46:57.660"/>
</kw>
<kw name="Maximize Browser Window" library="SeleniumLibrary">
<doc>Maximizes current browser window.</doc>
<status status="PASS" starttime="20221116 23:46:57.660" endtime="20221116 23:46:57.784"/>
</kw>
<kw name="Set Selenium Speed" library="SeleniumLibrary">
<arg>${DELAY}</arg>
<doc>Sets the delay that is waited after each Selenium command.</doc>
<status status="PASS" starttime="20221116 23:46:57.785" endtime="20221116 23:46:57.785"/>
</kw>
<status status="PASS" starttime="20221116 23:46:51.484" endtime="20221116 23:46:57.785"/>
</kw>
<kw name="Give Username" library="resource">
<arg>${user}</arg>
<kw name="Input Text" library="SeleniumLibrary">
<arg>id=user_login</arg>
<arg>${username}</arg>
<doc>Types the given ``text`` into the text field identified by ``locator``.</doc>
<msg timestamp="20221116 23:46:57.785" level="INFO">Typing text '98013711' into text field 'id=user_login'.</msg>
<status status="PASS" starttime="20221116 23:46:57.785" endtime="20221116 23:46:57.915"/>
</kw>
<status status="PASS" starttime="20221116 23:46:57.785" endtime="20221116 23:46:57.915"/>
</kw>
<kw name="Give Password" library="resource">
<arg>${pass}</arg>
<kw name="Input Text" library="SeleniumLibrary">
<arg>id=user_password</arg>
<arg>${password}</arg>
<doc>Types the given ``text`` into the text field identified by ``locator``.</doc>
<msg timestamp="20221116 23:46:57.916" level="INFO">Typing text '' into text field 'id=user_password'.</msg>
<status status="PASS" starttime="20221116 23:46:57.916" endtime="20221116 23:46:58.009"/>
</kw>
<status status="PASS" starttime="20221116 23:46:57.915" endtime="20221116 23:46:58.009"/>
</kw>
<kw name="Click the Login button" library="resource">
<kw name="Click Button" library="SeleniumLibrary">
<arg>id=login_button</arg>
<doc>Clicks the button identified by ``locator``.</doc>
<msg timestamp="20221116 23:46:58.010" level="INFO">Clicking button 'id=login_button'.</msg>
<status status="PASS" starttime="20221116 23:46:58.009" endtime="20221116 23:46:58.103"/>
</kw>
<status status="PASS" starttime="20221116 23:46:58.009" endtime="20221116 23:46:58.103"/>
</kw>
<kw name="Title Should Be" library="SeleniumLibrary">
<arg>MzadQatar Login</arg>
<doc>Verifies that the current page title equals ``title``.</doc>
<msg timestamp="20221116 23:46:58.109" level="INFO">Page title is 'MzadQatar Login'.</msg>
<status status="PASS" starttime="20221116 23:46:58.103" endtime="20221116 23:46:58.109"/>
</kw>
<kw name="Close Browser" library="SeleniumLibrary" type="TEARDOWN">
<doc>Closes the current browser.</doc>
<status status="PASS" starttime="20221116 23:46:58.109" endtime="20221116 23:47:00.231"/>
</kw>
<status status="PASS" starttime="20221116 23:46:51.483" endtime="20221116 23:47:00.231"/>
</kw>
<status status="PASS" starttime="20221116 23:46:51.483" endtime="20221116 23:47:00.231"/>
</test>
<test id="s1-t6" name="Empty both" line="17">
<kw name="Login should fail" library="resource">
<arg>${EMPTY}</arg>
<arg>${EMPTY}</arg>
<kw name="Open login page" library="resource">
<kw name="Open Browser" library="SeleniumLibrary">
<arg>${URL}</arg>
<arg>${BROWSER}</arg>
<doc>Opens a new browser instance to the optional ``url``.</doc>
<msg timestamp="20221116 23:47:00.233" level="INFO">Opening browser 'Chrome' to base url 'https://en.mzadqatar.com/login'.</msg>
<status status="PASS" starttime="20221116 23:47:00.233" endtime="20221116 23:47:06.787"/>
</kw>
<kw name="Maximize Browser Window" library="SeleniumLibrary">
<doc>Maximizes current browser window.</doc>
<status status="PASS" starttime="20221116 23:47:06.787" endtime="20221116 23:47:06.915"/>
</kw>
<kw name="Set Selenium Speed" library="SeleniumLibrary">
<arg>${DELAY}</arg>
<doc>Sets the delay that is waited after each Selenium command.</doc>
<status status="PASS" starttime="20221116 23:47:06.915" endtime="20221116 23:47:06.916"/>
</kw>
<status status="PASS" starttime="20221116 23:47:00.233" endtime="20221116 23:47:06.916"/>
</kw>
<kw name="Give Username" library="resource">
<arg>${user}</arg>
<kw name="Input Text" library="SeleniumLibrary">
<arg>id=user_login</arg>
<arg>${username}</arg>
<doc>Types the given ``text`` into the text field identified by ``locator``.</doc>
<msg timestamp="20221116 23:47:06.917" level="INFO">Typing text '' into text field 'id=user_login'.</msg>
<status status="PASS" starttime="20221116 23:47:06.916" endtime="20221116 23:47:07.024"/>
</kw>
<status status="PASS" starttime="20221116 23:47:06.916" endtime="20221116 23:47:07.024"/>
</kw>
<kw name="Give Password" library="resource">
<arg>${pass}</arg>
<kw name="Input Text" library="SeleniumLibrary">
<arg>id=user_password</arg>
<arg>${password}</arg>
<doc>Types the given ``text`` into the text field identified by ``locator``.</doc>
<msg timestamp="20221116 23:47:07.025" level="INFO">Typing text '' into text field 'id=user_password'.</msg>
<status status="PASS" starttime="20221116 23:47:07.025" endtime="20221116 23:47:07.131"/>
</kw>
<status status="PASS" starttime="20221116 23:47:07.024" endtime="20221116 23:47:07.131"/>
</kw>
<kw name="Click the Login button" library="resource">
<kw name="Click Button" library="SeleniumLibrary">
<arg>id=login_button</arg>
<doc>Clicks the button identified by ``locator``.</doc>
<msg timestamp="20221116 23:47:07.132" level="INFO">Clicking button 'id=login_button'.</msg>
<status status="PASS" starttime="20221116 23:47:07.132" endtime="20221116 23:47:07.232"/>
</kw>
<status status="PASS" starttime="20221116 23:47:07.131" endtime="20221116 23:47:07.232"/>
</kw>
<kw name="Title Should Be" library="SeleniumLibrary">
<arg>MzadQatar Login</arg>
<doc>Verifies that the current page title equals ``title``.</doc>
<msg timestamp="20221116 23:47:07.237" level="INFO">Page title is 'MzadQatar Login'.</msg>
<status status="PASS" starttime="20221116 23:47:07.232" endtime="20221116 23:47:07.238"/>
</kw>
<kw name="Close Browser" library="SeleniumLibrary" type="TEARDOWN">
<doc>Closes the current browser.</doc>
<status status="PASS" starttime="20221116 23:47:07.238" endtime="20221116 23:47:09.335"/>
</kw>
<status status="PASS" starttime="20221116 23:47:00.232" endtime="20221116 23:47:09.335"/>
</kw>
<status status="PASS" starttime="20221116 23:47:00.232" endtime="20221116 23:47:09.335"/>
</test>
<status status="FAIL" starttime="20221116 23:46:07.902" endtime="20221116 23:47:09.336"/>
</suite>
<statistics>
<total>
<stat pass="5" fail="1" skip="0">All Tests</stat>
</total>
<tag>
</tag>
<suite>
<stat pass="5" fail="1" skip="0" id="s1" name="Invalid Login">Invalid Login</stat>
</suite>
</statistics>
<errors>
<msg timestamp="20221116 23:46:49.360" level="WARN">Keyword 'Capture Page Screenshot' could not be run on failure: Message: no such window: target window already closed
from unknown error: web view not found
  (Session info: chrome=107.0.5304.107)
Stacktrace:
Backtrace:
	Ordinal0 [0x0071ACD3+2075859]
	Ordinal0 [0x006AEE61+1633889]
	Ordinal0 [0x005AB7BD+571325]
	Ordinal0 [0x00592E1A+470554]
	Ordinal0 [0x005FAA0B+895499]
	Ordinal0 [0x0060AC96+961686]
	Ordinal0 [0x005F7136+880950]
	Ordinal0 [0x005CFEFD+720637]
	Ordinal0 [0x005D0F3F+724799]
	GetHandleVerifier [0x009CEED2+2769538]
	GetHandleVerifier [0x009C0D95+2711877]
	GetHandleVerifier [0x007AA03A+521194]
	GetHandleVerifier [0x007A8DA0+516432]
	Ordinal0 [0x006B682C+1665068]
	Ordinal0 [0x006BB128+1683752]
	Ordinal0 [0x006BB215+1683989]
	Ordinal0 [0x006C6484+1729668]
	BaseThreadInitThunk [0x75B9FA29+25]
	RtlGetAppContainerNamedObjectPath [0x77437A9E+286]
	RtlGetAppContainerNamedObjectPath [0x77437A6E+238]
</msg>
</errors>
</robot>
